2020-04-14 02:02:05,751 [DEBUG] - MainLog:Message -, from user 303948829
2020-04-14 02:02:17,132 [DEBUG] - MainLog:Message -, from user 303948829
2020-04-14 02:02:24,532 [DEBUG] - MainLog:Message -, from user 303948829
2020-04-14 02:04:44,799 [DEBUG] - MainLog:Message -, from user 303948829
2020-04-14 02:09:24,338 [DEBUG] - MainLog:Message -, from user 303948829
2020-04-14 02:09:27,763 [DEBUG] - MainLog:Message -, from user 303948829
2020-04-14 02:09:28,835 [DEBUG] - MainLog:Message -, from user 303948829
2020-04-14 02:09:30,277 [DEBUG] - MainLog:Message -, from user 303948829
2020-04-14 02:09:35,650 [DEBUG] - MainLog:Message -, from user 303948829
2020-04-14 02:09:42,746 [DEBUG] - MainLog:Message -, from user 303948829
2020-04-14 02:12:34,420 [DEBUG] - MainLog:Message -, from user 303948829
2020-04-14 02:12:39,428 [DEBUG] - MainLog:Message -, from user 303948829
2020-04-14 02:12:41,901 [DEBUG] - MainLog:Message -, from user 303948829
2020-04-14 02:12:45,411 [DEBUG] - MainLog:Message -, from user 303948829
2020-04-14 02:12:55,797 [DEBUG] - MainLog:Message -, from user 303948829
2020-04-14 02:12:55,980 [DEBUG] - MainLog:Doesn't find country or command, message - ¿Ô (don't forget check translate)
2020-04-14 02:13:01,375 [DEBUG] - MainLog:Message -, from user 303948829
2020-04-14 02:13:03,208 [DEBUG] - MainLog:Message -, from user 303948829
2020-04-14 02:13:06,306 [DEBUG] - MainLog:Message -, from user 303948829
2020-04-14 02:13:07,218 [DEBUG] - MainLog:Message -, from user 303948829
2020-04-14 02:13:08,606 [DEBUG] - MainLog:Message -, from user 303948829
2020-04-14 02:13:10,582 [DEBUG] - MainLog:Message -, from user 303948829
2020-04-14 02:13:12,389 [DEBUG] - MainLog:Message -, from user 303948829
2020-04-14 02:13:13,256 [DEBUG] - MainLog:Message -, from user 303948829
2020-04-14 02:13:14,608 [DEBUG] - MainLog:Message -, from user 303948829
2020-04-14 02:13:16,045 [DEBUG] - MainLog:Message -, from user 303948829
2020-04-14 02:13:16,602 [DEBUG] - MainLog:Message -, from user 303948829
2020-04-14 02:13:46,747 [DEBUG] - MainLog:Message -, from user 303948829
2020-04-14 02:13:47,853 [DEBUG] - MainLog:Message -, from user 303948829
2020-04-14 02:13:48,829 [DEBUG] - MainLog:Message -, from user 303948829
2020-04-14 02:13:49,134 [DEBUG] - MainLog:Message -, from user 303948829
2020-04-14 02:13:51,441 [DEBUG] - MainLog:Message -, from user 303948829
2020-04-14 02:14:32,979 [DEBUG] - MainLog:Message -, from user 303948829
2020-04-14 02:14:33,061 [DEBUG] - MainLog:Doesn't find country or command, message - –Ó (don't forget check translate)
2020-04-14 02:14:36,059 [DEBUG] - MainLog:Message -, from user 303948829
2020-04-14 02:14:37,669 [DEBUG] - MainLog:Message -, from user 303948829
2020-04-14 02:14:39,087 [DEBUG] - MainLog:Message -, from user 303948829
2020-04-14 02:14:39,739 [DEBUG] - MainLog:Message -, from user 303948829
2020-04-14 02:14:41,877 [DEBUG] - MainLog:Message -, from user 303948829
2020-04-14 02:16:11,579 [DEBUG] - MainLog:Message -, from user 303948829
2020-04-14 02:16:13,130 [DEBUG] - MainLog:Message -, from user 303948829
2020-04-14 02:16:15,082 [DEBUG] - MainLog:Message -, from user 303948829
2020-04-14 02:16:15,909 [DEBUG] - MainLog:Message -, from user 303948829
2020-04-14 02:19:45,511 [DEBUG] - MainLog:Message -, from user 303948829
2020-04-14 02:21:32,150 [DEBUG] - MainLog:Message -, from user 303948829
2020-04-14 02:22:55,549 [DEBUG] - MainLog:Message -, from user 303948829
2020-04-14 02:22:59,320 [DEBUG] - MainLog:Message -, from user 303948829
2020-04-14 02:23:06,349 [DEBUG] - MainLog:Message -, from user 303948829
2020-04-14 02:23:10,349 [DEBUG] - MainLog:Message -, from user 303948829
2020-04-14 02:23:14,352 [DEBUG] - MainLog:Message -, from user 303948829
2020-04-14 02:23:20,354 [DEBUG] - MainLog:Message -, from user 303948829
2020-04-14 02:30:36,424 [DEBUG] - MainLog:Doesn't find country or command, message - Fgh (don't forget check translate)
2020-04-14 02:32:37,212 [DEBUG] - MainLog:Doesn't find country or command, message - ÀÎ (don't forget check translate)
2020-04-14 02:32:56,552 [DEBUG] - MainLog:Doesn't find country or command, message - Fff (don't forget check translate)
2020-04-14 02:36:10,722 [DEBUG] - MainLog:Doesn't find country or command, message - Ff (don't forget check translate)
2020-04-14 02:44:45,083 [DEBUG] - MainLog:Doesn't find country or command, message - Jjj (don't forget check translate)
2020-04-14 02:49:40,149 [DEBUG] - MainLog:Don't find country or command, message - Jjj (don't forget check translate)
2020-04-14 02:50:59,470 [DEBUG] - MainLog:Don't find country or command, message - Jjj (don't forget check translate)
